WARNING:root:Dolfin's XML is a legacy format. Consider using XDMF instead.
WARNING:root:Dolfin's XML is a legacy format. Consider using XDMF instead.
WARNING:root:Dolfin's XML is a legacy format. Consider using XDMF instead.
WARNING:root:Dolfin's XML is a legacy format. Consider using XDMF instead.
WARNING:root:Dolfin's XML is a legacy format. Consider using XDMF instead.
WARNING:root:Dolfin's XML is a legacy format. Consider using XDMF instead.
WARNING:root:Dolfin's XML is a legacy format. Consider using XDMF instead.
WARNING:root:Dolfin's XML is a legacy format. Consider using XDMF instead.
WARNING:root:Dolfin's XML is a legacy format. Consider using XDMF instead.
WARNING:root:Dolfin's XML is a legacy format. Consider using XDMF instead.
WARNING:root:Dolfin's XML is a legacy format. Consider using XDMF instead.
WARNING:root:Dolfin's XML is a legacy format. Consider using XDMF instead.
WARNING:root:Dolfin's XML is a legacy format. Consider using XDMF instead.
WARNING:root:Dolfin's XML is a legacy format. Consider using XDMF instead.
WARNING:root:Dolfin's XML is a legacy format. Consider using XDMF instead.
WARNING:root:Dolfin's XML is a legacy format. Consider using XDMF instead.
WARNING:root:Dolfin's XML is a legacy format. Consider using XDMF instead.
WARNING:root:Dolfin's XML is a legacy format. Consider using XDMF instead.
WARNING:root:Dolfin's XML is a legacy format. Consider using XDMF instead.
WARNING:root:Dolfin's XML is a legacy format. Consider using XDMF instead.
WARNING:root:Dolfin's XML is a legacy format. Consider using XDMF instead.
WARNING:root:Dolfin's XML is a legacy format. Consider using XDMF instead.
WARNING:root:Dolfin's XML is a legacy format. Consider using XDMF instead.
WARNING:root:Dolfin's XML is a legacy format. Consider using XDMF instead.
WARNING:root:Dolfin's XML is a legacy format. Consider using XDMF instead.
WARNING:root:Dolfin's XML is a legacy format. Consider using XDMF instead.
WARNING:root:Dolfin's XML is a legacy format. Consider using XDMF instead.
WARNING:root:Dolfin's XML is a legacy format. Consider using XDMF instead.
WARNING:root:Dolfin's XML is a legacy format. Consider using XDMF instead.
WARNING:root:Dolfin's XML is a legacy format. Consider using XDMF instead.
WARNING:root:Dolfin's XML is a legacy format. Consider using XDMF instead.
WARNING:root:Dolfin's XML is a legacy format. Consider using XDMF instead.
WARNING:root:Dolfin's XML is a legacy format. Consider using XDMF instead.
WARNING:root:Dolfin's XML is a legacy format. Consider using XDMF instead.
WARNING:root:Dolfin's XML is a legacy format. Consider using XDMF instead.
WARNING:root:Dolfin's XML is a legacy format. Consider using XDMF instead.
WARNING:root:Dolfin's XML is a legacy format. Consider using XDMF instead.
WARNING:root:Dolfin's XML is a legacy format. Consider using XDMF instead.
WARNING:root:Dolfin's XML is a legacy format. Consider using XDMF instead.
WARNING:root:Dolfin's XML is a legacy format. Consider using XDMF instead.
WARNING:root:Dolfin's XML is a legacy format. Consider using XDMF instead.
WARNING:root:Dolfin's XML is a legacy format. Consider using XDMF instead.
WARNING:root:Dolfin's XML is a legacy format. Consider using XDMF instead.
WARNING:root:Dolfin's XML is a legacy format. Consider using XDMF instead.
WARNING:root:Dolfin's XML is a legacy format. Consider using XDMF instead.
WARNING:root:Dolfin's XML is a legacy format. Consider using XDMF instead.
WARNING:root:Dolfin's XML is a legacy format. Consider using XDMF instead.
WARNING:root:Dolfin's XML is a legacy format. Consider using XDMF instead.
WARNING:root:Dolfin's XML is a legacy format. Consider using XDMF instead.
WARNING:root:Dolfin's XML is a legacy format. Consider using XDMF instead.
WARNING:root:Dolfin's XML is a legacy format. Consider using XDMF instead.
WARNING:root:Dolfin's XML is a legacy format. Consider using XDMF instead.
WARNING:root:Dolfin's XML is a legacy format. Consider using XDMF instead.
WARNING:root:Dolfin's XML is a legacy format. Consider using XDMF instead.
WARNING:root:Dolfin's XML is a legacy format. Consider using XDMF instead.
WARNING:root:Dolfin's XML is a legacy format. Consider using XDMF instead.
WARNING:root:Dolfin's XML is a legacy format. Consider using XDMF instead.
WARNING:root:Dolfin's XML is a legacy format. Consider using XDMF instead.
WARNING:root:Dolfin's XML is a legacy format. Consider using XDMF instead.
WARNING:root:Dolfin's XML is a legacy format. Consider using XDMF instead.
WARNING:root:Dolfin's XML is a legacy format. Consider using XDMF instead.
WARNING:root:Dolfin's XML is a legacy format. Consider using XDMF instead.
WARNING:root:Dolfin's XML is a legacy format. Consider using XDMF instead.
WARNING:root:Dolfin's XML is a legacy format. Consider using XDMF instead.
WARNING:root:Dolfin's XML is a legacy format. Consider using XDMF instead.
WARNING:root:Dolfin's XML is a legacy format. Consider using XDMF instead.
WARNING:root:Dolfin's XML is a legacy format. Consider using XDMF instead.
WARNING:root:Dolfin's XML is a legacy format. Consider using XDMF instead.
WARNING:root:Dolfin's XML is a legacy format. Consider using XDMF instead.
WARNING:root:Dolfin's XML is a legacy format. Consider using XDMF instead.
WARNING:root:Dolfin's XML is a legacy format. Consider using XDMF instead.
WARNING:root:Dolfin's XML is a legacy format. Consider using XDMF instead.
WARNING:root:Dolfin's XML is a legacy format. Consider using XDMF instead.
WARNING:root:Dolfin's XML is a legacy format. Consider using XDMF instead.
WARNING:root:Dolfin's XML is a legacy format. Consider using XDMF instead.
WARNING:root:Dolfin's XML is a legacy format. Consider using XDMF instead.
WARNING:root:Dolfin's XML is a legacy format. Consider using XDMF instead.
WARNING:root:Dolfin's XML is a legacy format. Consider using XDMF instead.
WARNING:root:Dolfin's XML is a legacy format. Consider using XDMF instead.
WARNING:root:Dolfin's XML is a legacy format. Consider using XDMF instead.
WARNING:root:Dolfin's XML is a legacy format. Consider using XDMF instead.
WARNING:root:Dolfin's XML is a legacy format. Consider using XDMF instead.
WARNING:root:Dolfin's XML is a legacy format. Consider using XDMF instead.
WARNING:root:Dolfin's XML is a legacy format. Consider using XDMF instead.
WARNING:root:Dolfin's XML is a legacy format. Consider using XDMF instead.
WARNING:root:Dolfin's XML is a legacy format. Consider using XDMF instead.
WARNING:root:Dolfin's XML is a legacy format. Consider using XDMF instead.
WARNING:root:Dolfin's XML is a legacy format. Consider using XDMF instead.
WARNING:root:Dolfin's XML is a legacy format. Consider using XDMF instead.
WARNING:root:Dolfin's XML is a legacy format. Consider using XDMF instead.
WARNING:root:Dolfin's XML is a legacy format. Consider using XDMF instead.
WARNING:root:Dolfin's XML is a legacy format. Consider using XDMF instead.
WARNING:root:Dolfin's XML is a legacy format. Consider using XDMF instead.
WARNING:root:Dolfin's XML is a legacy format. Consider using XDMF instead.
WARNING:root:Dolfin's XML is a legacy format. Consider using XDMF instead.
WARNING:root:Dolfin's XML is a legacy format. Consider using XDMF instead.
WARNING:root:Dolfin's XML is a legacy format. Consider using XDMF instead.
WARNING:root:Dolfin's XML is a legacy format. Consider using XDMF instead.
WARNING:root:Dolfin's XML is a legacy format. Consider using XDMF instead.
WARNING:root:Dolfin's XML is a legacy format. Consider using XDMF instead.
WARNING:root:Dolfin's XML is a legacy format. Consider using XDMF instead.
WARNING:root:Dolfin's XML is a legacy format. Consider using XDMF instead.
WARNING:root:Dolfin's XML is a legacy format. Consider using XDMF instead.
WARNING:root:Dolfin's XML is a legacy format. Consider using XDMF instead.
WARNING:root:Dolfin's XML is a legacy format. Consider using XDMF instead.
WARNING:root:Dolfin's XML is a legacy format. Consider using XDMF instead.
WARNING:root:Dolfin's XML is a legacy format. Consider using XDMF instead.
WARNING:root:Dolfin's XML is a legacy format. Consider using XDMF instead.
WARNING:root:Dolfin's XML is a legacy format. Consider using XDMF instead.
WARNING:root:Dolfin's XML is a legacy format. Consider using XDMF instead.
WARNING:root:Dolfin's XML is a legacy format. Consider using XDMF instead.
WARNING:root:Dolfin's XML is a legacy format. Consider using XDMF instead.
WARNING:root:Dolfin's XML is a legacy format. Consider using XDMF instead.
WARNING:root:Dolfin's XML is a legacy format. Consider using XDMF instead.
WARNING:root:Dolfin's XML is a legacy format. Consider using XDMF instead.
WARNING:root:Dolfin's XML is a legacy format. Consider using XDMF instead.
WARNING:root:Dolfin's XML is a legacy format. Consider using XDMF instead.
WARNING:root:Dolfin's XML is a legacy format. Consider using XDMF instead.
WARNING:root:Dolfin's XML is a legacy format. Consider using XDMF instead.
WARNING:root:Dolfin's XML is a legacy format. Consider using XDMF instead.
WARNING:root:Dolfin's XML is a legacy format. Consider using XDMF instead.
WARNING:root:Dolfin's XML is a legacy format. Consider using XDMF instead.
WARNING:root:Dolfin's XML is a legacy format. Consider using XDMF instead.
WARNING:root:Dolfin's XML is a legacy format. Consider using XDMF instead.
WARNING:root:Dolfin's XML is a legacy format. Consider using XDMF instead.
WARNING:root:Dolfin's XML is a legacy format. Consider using XDMF instead.
WARNING:root:Dolfin's XML is a legacy format. Consider using XDMF instead.
WARNING:root:Dolfin's XML is a legacy format. Consider using XDMF instead.
WARNING:root:Dolfin's XML is a legacy format. Consider using XDMF instead.
WARNING:root:Dolfin's XML is a legacy format. Consider using XDMF instead.
WARNING:root:Dolfin's XML is a legacy format. Consider using XDMF instead.
WARNING:root:Dolfin's XML is a legacy format. Consider using XDMF instead.
WARNING:root:Dolfin's XML is a legacy format. Consider using XDMF instead.
WARNING:root:Dolfin's XML is a legacy format. Consider using XDMF instead.
WARNING:root:Dolfin's XML is a legacy format. Consider using XDMF instead.
WARNING:root:Dolfin's XML is a legacy format. Consider using XDMF instead.
WARNING:root:Dolfin's XML is a legacy format. Consider using XDMF instead.
WARNING:root:Dolfin's XML is a legacy format. Consider using XDMF instead.
WARNING:root:Dolfin's XML is a legacy format. Consider using XDMF instead.
WARNING:root:Dolfin's XML is a legacy format. Consider using XDMF instead.
WARNING:root:Dolfin's XML is a legacy format. Consider using XDMF instead.
WARNING:root:Dolfin's XML is a legacy format. Consider using XDMF instead.
WARNING:root:Dolfin's XML is a legacy format. Consider using XDMF instead.
WARNING:root:Dolfin's XML is a legacy format. Consider using XDMF instead.
WARNING:root:Dolfin's XML is a legacy format. Consider using XDMF instead.
WARNING:root:Dolfin's XML is a legacy format. Consider using XDMF instead.
WARNING:root:Dolfin's XML is a legacy format. Consider using XDMF instead.
WARNING:root:Dolfin's XML is a legacy format. Consider using XDMF instead.
WARNING:root:Dolfin's XML is a legacy format. Consider using XDMF instead.
WARNING:root:Dolfin's XML is a legacy format. Consider using XDMF instead.
WARNING:root:Dolfin's XML is a legacy format. Consider using XDMF instead.
WARNING:root:Dolfin's XML is a legacy format. Consider using XDMF instead.
WARNING:root:Dolfin's XML is a legacy format. Consider using XDMF instead.
WARNING:root:Dolfin's XML is a legacy format. Consider using XDMF instead.
WARNING:root:Dolfin's XML is a legacy format. Consider using XDMF instead.
WARNING:root:Dolfin's XML is a legacy format. Consider using XDMF instead.
WARNING:root:Dolfin's XML is a legacy format. Consider using XDMF instead.
WARNING:root:Dolfin's XML is a legacy format. Consider using XDMF instead.
WARNING:root:Dolfin's XML is a legacy format. Consider using XDMF instead.
WARNING:root:Dolfin's XML is a legacy format. Consider using XDMF instead.
WARNING:root:Dolfin's XML is a legacy format. Consider using XDMF instead.
WARNING:root:Dolfin's XML is a legacy format. Consider using XDMF instead.
WARNING:root:Dolfin's XML is a legacy format. Consider using XDMF instead.
WARNING:root:Dolfin's XML is a legacy format. Consider using XDMF instead.
WARNING:root:Dolfin's XML is a legacy format. Consider using XDMF instead.
WARNING:root:Dolfin's XML is a legacy format. Consider using XDMF instead.
WARNING:root:Dolfin's XML is a legacy format. Consider using XDMF instead.
WARNING:root:Dolfin's XML is a legacy format. Consider using XDMF instead.
WARNING:root:Dolfin's XML is a legacy format. Consider using XDMF instead.
WARNING:root:Dolfin's XML is a legacy format. Consider using XDMF instead.
WARNING:root:Dolfin's XML is a legacy format. Consider using XDMF instead.
WARNING:root:Dolfin's XML is a legacy format. Consider using XDMF instead.
WARNING:root:Dolfin's XML is a legacy format. Consider using XDMF instead.
WARNING:root:Dolfin's XML is a legacy format. Consider using XDMF instead.
WARNING:root:Dolfin's XML is a legacy format. Consider using XDMF instead.
WARNING:root:Dolfin's XML is a legacy format. Consider using XDMF instead.
WARNING:root:Dolfin's XML is a legacy format. Consider using XDMF instead.
WARNING:root:Dolfin's XML is a legacy format. Consider using XDMF instead.
WARNING:root:Dolfin's XML is a legacy format. Consider using XDMF instead.
WARNING:root:Dolfin's XML is a legacy format. Consider using XDMF instead.
WARNING:root:Dolfin's XML is a legacy format. Consider using XDMF instead.
WARNING:root:Dolfin's XML is a legacy format. Consider using XDMF instead.
WARNING:root:Dolfin's XML is a legacy format. Consider using XDMF instead.
WARNING:root:Dolfin's XML is a legacy format. Consider using XDMF instead.
WARNING:root:Dolfin's XML is a legacy format. Consider using XDMF instead.
WARNING:root:Dolfin's XML is a legacy format. Consider using XDMF instead.
WARNING:root:Dolfin's XML is a legacy format. Consider using XDMF instead.
WARNING:root:Dolfin's XML is a legacy format. Consider using XDMF instead.
WARNING:root:Dolfin's XML is a legacy format. Consider using XDMF instead.
WARNING:root:Dolfin's XML is a legacy format. Consider using XDMF instead.
WARNING:root:Dolfin's XML is a legacy format. Consider using XDMF instead.
WARNING:root:Dolfin's XML is a legacy format. Consider using XDMF instead.
WARNING:root:Dolfin's XML is a legacy format. Consider using XDMF instead.
WARNING:root:Dolfin's XML is a legacy format. Consider using XDMF instead.
WARNING:root:Dolfin's XML is a legacy format. Consider using XDMF instead.
WARNING:root:Dolfin's XML is a legacy format. Consider using XDMF instead.
WARNING:root:Dolfin's XML is a legacy format. Consider using XDMF instead.
WARNING:root:Dolfin's XML is a legacy format. Consider using XDMF instead.
WARNING:root:Dolfin's XML is a legacy format. Consider using XDMF instead.
WARNING:root:Dolfin's XML is a legacy format. Consider using XDMF instead.
WARNING:root:Dolfin's XML is a legacy format. Consider using XDMF instead.
WARNING:root:Dolfin's XML is a legacy format. Consider using XDMF instead.
WARNING:root:Dolfin's XML is a legacy format. Consider using XDMF instead.
WARNING:root:Dolfin's XML is a legacy format. Consider using XDMF instead.
WARNING:root:Dolfin's XML is a legacy format. Consider using XDMF instead.
WARNING:root:Dolfin's XML is a legacy format. Consider using XDMF instead.
WARNING:root:Dolfin's XML is a legacy format. Consider using XDMF instead.
WARNING:root:Dolfin's XML is a legacy format. Consider using XDMF instead.
WARNING:root:Dolfin's XML is a legacy format. Consider using XDMF instead.
WARNING:root:Dolfin's XML is a legacy format. Consider using XDMF instead.
WARNING:root:Dolfin's XML is a legacy format. Consider using XDMF instead.
WARNING:root:Dolfin's XML is a legacy format. Consider using XDMF instead.
WARNING:root:Dolfin's XML is a legacy format. Consider using XDMF instead.
WARNING:root:Dolfin's XML is a legacy format. Consider using XDMF instead.
WARNING:root:Dolfin's XML is a legacy format. Consider using XDMF instead.
WARNING:root:Dolfin's XML is a legacy format. Consider using XDMF instead.
WARNING:root:Dolfin's XML is a legacy format. Consider using XDMF instead.
WARNING:root:Dolfin's XML is a legacy format. Consider using XDMF instead.
WARNING:root:Dolfin's XML is a legacy format. Consider using XDMF instead.
WARNING:root:Dolfin's XML is a legacy format. Consider using XDMF instead.
WARNING:root:Dolfin's XML is a legacy format. Consider using XDMF instead.
WARNING:root:Dolfin's XML is a legacy format. Consider using XDMF instead.
WARNING:root:Dolfin's XML is a legacy format. Consider using XDMF instead.
WARNING:root:Dolfin's XML is a legacy format. Consider using XDMF instead.
WARNING:root:Dolfin's XML is a legacy format. Consider using XDMF instead.
WARNING:root:Dolfin's XML is a legacy format. Consider using XDMF instead.
WARNING:root:Dolfin's XML is a legacy format. Consider using XDMF instead.
WARNING:root:Dolfin's XML is a legacy format. Consider using XDMF instead.
WARNING:root:Dolfin's XML is a legacy format. Consider using XDMF instead.
WARNING:root:Dolfin's XML is a legacy format. Consider using XDMF instead.
WARNING:root:Dolfin's XML is a legacy format. Consider using XDMF instead.
WARNING:root:Dolfin's XML is a legacy format. Consider using XDMF instead.
WARNING:root:Dolfin's XML is a legacy format. Consider using XDMF instead.
WARNING:root:Dolfin's XML is a legacy format. Consider using XDMF instead.
WARNING:root:Dolfin's XML is a legacy format. Consider using XDMF instead.
WARNING:root:Dolfin's XML is a legacy format. Consider using XDMF instead.
WARNING:root:Dolfin's XML is a legacy format. Consider using XDMF instead.
WARNING:root:Dolfin's XML is a legacy format. Consider using XDMF instead.
WARNING:root:Dolfin's XML is a legacy format. Consider using XDMF instead.
WARNING:root:Dolfin's XML is a legacy format. Consider using XDMF instead.
WARNING:root:Dolfin's XML is a legacy format. Consider using XDMF instead.
WARNING:root:Dolfin's XML is a legacy format. Consider using XDMF instead.
WARNING:root:Dolfin's XML is a legacy format. Consider using XDMF instead.
WARNING:root:Dolfin's XML is a legacy format. Consider using XDMF instead.
WARNING:root:Dolfin's XML is a legacy format. Consider using XDMF instead.
WARNING:root:Dolfin's XML is a legacy format. Consider using XDMF instead.
WARNING:root:Dolfin's XML is a legacy format. Consider using XDMF instead.
WARNING:root:Dolfin's XML is a legacy format. Consider using XDMF instead.
WARNING:root:Dolfin's XML is a legacy format. Consider using XDMF instead.
WARNING:root:Dolfin's XML is a legacy format. Consider using XDMF instead.
WARNING:root:Dolfin's XML is a legacy format. Consider using XDMF instead.
WARNING:root:Dolfin's XML is a legacy format. Consider using XDMF instead.
WARNING:root:Dolfin's XML is a legacy format. Consider using XDMF instead.
WARNING:root:Dolfin's XML is a legacy format. Consider using XDMF instead.
WARNING:root:Dolfin's XML is a legacy format. Consider using XDMF instead.
WARNING:root:Dolfin's XML is a legacy format. Consider using XDMF instead.
WARNING:root:Dolfin's XML is a legacy format. Consider using XDMF instead.
WARNING:root:Dolfin's XML is a legacy format. Consider using XDMF instead.
WARNING:root:Dolfin's XML is a legacy format. Consider using XDMF instead.
WARNING:root:Dolfin's XML is a legacy format. Consider using XDMF instead.
WARNING:root:Dolfin's XML is a legacy format. Consider using XDMF instead.
WARNING:root:Dolfin's XML is a legacy format. Consider using XDMF instead.
WARNING:root:Dolfin's XML is a legacy format. Consider using XDMF instead.
WARNING:root:Dolfin's XML is a legacy format. Consider using XDMF instead.
WARNING:root:Dolfin's XML is a legacy format. Consider using XDMF instead.
WARNING:root:Dolfin's XML is a legacy format. Consider using XDMF instead.
WARNING:root:Dolfin's XML is a legacy format. Consider using XDMF instead.
WARNING:root:Dolfin's XML is a legacy format. Consider using XDMF instead.
WARNING:root:Dolfin's XML is a legacy format. Consider using XDMF instead.
WARNING:root:Dolfin's XML is a legacy format. Consider using XDMF instead.
WARNING:root:Dolfin's XML is a legacy format. Consider using XDMF instead.
WARNING:root:Dolfin's XML is a legacy format. Consider using XDMF instead.
WARNING:root:Dolfin's XML is a legacy format. Consider using XDMF instead.
WARNING:root:Dolfin's XML is a legacy format. Consider using XDMF instead.
WARNING:root:Dolfin's XML is a legacy format. Consider using XDMF instead.
WARNING:root:Dolfin's XML is a legacy format. Consider using XDMF instead.
WARNING:root:Dolfin's XML is a legacy format. Consider using XDMF instead.
WARNING:root:Dolfin's XML is a legacy format. Consider using XDMF instead.
WARNING:root:Dolfin's XML is a legacy format. Consider using XDMF instead.
WARNING:root:Dolfin's XML is a legacy format. Consider using XDMF instead.
WARNING:root:Dolfin's XML is a legacy format. Consider using XDMF instead.
WARNING:root:Dolfin's XML is a legacy format. Consider using XDMF instead.
WARNING:root:Dolfin's XML is a legacy format. Consider using XDMF instead.
WARNING:root:Dolfin's XML is a legacy format. Consider using XDMF instead.
WARNING:root:Dolfin's XML is a legacy format. Consider using XDMF instead.
WARNING:root:Dolfin's XML is a legacy format. Consider using XDMF instead.
WARNING:root:Dolfin's XML is a legacy format. Consider using XDMF instead.
WARNING:root:Dolfin's XML is a legacy format. Consider using XDMF instead.
WARNING:root:Dolfin's XML is a legacy format. Consider using XDMF instead.
WARNING:root:Dolfin's XML is a legacy format. Consider using XDMF instead.
WARNING:root:Dolfin's XML is a legacy format. Consider using XDMF instead.
WARNING:root:Dolfin's XML is a legacy format. Consider using XDMF instead.
WARNING:root:Dolfin's XML is a legacy format. Consider using XDMF instead.
WARNING:root:Dolfin's XML is a legacy format. Consider using XDMF instead.
WARNING:root:Dolfin's XML is a legacy format. Consider using XDMF instead.
WARNING:root:Dolfin's XML is a legacy format. Consider using XDMF instead.
WARNING:root:Dolfin's XML is a legacy format. Consider using XDMF instead.
WARNING:root:Dolfin's XML is a legacy format. Consider using XDMF instead.
WARNING:root:Dolfin's XML is a legacy format. Consider using XDMF instead.
WARNING:root:Dolfin's XML is a legacy format. Consider using XDMF instead.
WARNING:root:Dolfin's XML is a legacy format. Consider using XDMF instead.
WARNING:root:Dolfin's XML is a legacy format. Consider using XDMF instead.
WARNING:root:Dolfin's XML is a legacy format. Consider using XDMF instead.
WARNING:root:Dolfin's XML is a legacy format. Consider using XDMF instead.
WARNING:root:Dolfin's XML is a legacy format. Consider using XDMF instead.
WARNING:root:Dolfin's XML is a legacy format. Consider using XDMF instead.
WARNING:root:Dolfin's XML is a legacy format. Consider using XDMF instead.
WARNING:root:Dolfin's XML is a legacy format. Consider using XDMF instead.
WARNING:root:Dolfin's XML is a legacy format. Consider using XDMF instead.
WARNING:root:Dolfin's XML is a legacy format. Consider using XDMF instead.
WARNING:root:Dolfin's XML is a legacy format. Consider using XDMF instead.
WARNING:root:Dolfin's XML is a legacy format. Consider using XDMF instead.
WARNING:root:Dolfin's XML is a legacy format. Consider using XDMF instead.
WARNING:root:Dolfin's XML is a legacy format. Consider using XDMF instead.
WARNING:root:Dolfin's XML is a legacy format. Consider using XDMF instead.
WARNING:root:Dolfin's XML is a legacy format. Consider using XDMF instead.
WARNING:root:Dolfin's XML is a legacy format. Consider using XDMF instead.
WARNING:root:Dolfin's XML is a legacy format. Consider using XDMF instead.
WARNING:root:Dolfin's XML is a legacy format. Consider using XDMF instead.
WARNING:root:Dolfin's XML is a legacy format. Consider using XDMF instead.
[33m╭──────────────────────────────────────────╮[0m
[33m│                                          │[0m
[33m│[0m      Update available [38;5;241m2.3.3[0m → [32m2.3.5[0m      [33m│[0m
[33m│[0m   Run [36mpip3 install -U meshio[0m to update   [33m│[0m
[33m│                                          │[0m
[33m╰──────────────────────────────────────────╯[0m
======================================================
Convert Local 3D GMSH msh-mesh data to FEniCS xml-mesh
number of partitions: 320
Input GMSH: points:  ../../../data/meshData/points0001.dat
Input GMSH: cells :  ../../../data/meshData/tetrahedrons0001.dat
Output FEniCS-mesh:  ../data/foo1.xml
==========================Success============================
===================================================
Running FEniCS for 3D stochastic Poisson/twoLevel..
number of partitions: 320
number of dimensions: 3
number of pceInputss: 10
number of pceOutputs: 20
input Cijk: ../data/inputs/cijk33.mat
Input XML-Mesh: ../data/foo1.xml
*** Warning: Found no facets matching domain for boundary condition.
*** Warning: Found no facets matching domain for boundary condition.
Appying BCs
output Mat-Vec: ../data/Amats/subdom1
Input XML-Mesh: ../data/foo2.xml
*** Warning: Found no facets matching domain for boundary condition.
*** Warning: Found no facets matching domain for boundary condition.
Appying BCs
output Mat-Vec: ../data/Amats/subdom2
Input XML-Mesh: ../data/foo3.xml
*** Warning: Found no facets matching domain for boundary condition.
*** Warning: Found no facets matching domain for boundary condition.
Appying BCs
output Mat-Vec: ../data/Amats/subdom3
Input XML-Mesh: ../data/foo4.xml
*** Warning: Found no facets matching domain for boundary condition.
*** Warning: Found no facets matching domain for boundary condition.
Appying BCs
output Mat-Vec: ../data/Amats/subdom4
Input XML-Mesh: ../data/foo5.xml
*** Warning: Found no facets matching domain for boundary condition.
*** Warning: Found no facets matching domain for boundary condition.
Appying BCs
output Mat-Vec: ../data/Amats/subdom5
Input XML-Mesh: ../data/foo6.xml
*** Warning: Found no facets matching domain for boundary condition.
*** Warning: Found no facets matching domain for boundary condition.
Appying BCs
output Mat-Vec: ../data/Amats/subdom6
Input XML-Mesh: ../data/foo7.xml
*** Warning: Found no facets matching domain for boundary condition.
*** Warning: Found no facets matching domain for boundary condition.
Appying BCs
output Mat-Vec: ../data/Amats/subdom7
Input XML-Mesh: ../data/foo8.xml
*** Warning: Found no facets matching domain for boundary condition.
*** Warning: Found no facets matching domain for boundary condition.
Appying BCs
output Mat-Vec: ../data/Amats/subdom8
Input XML-Mesh: ../data/foo9.xml
*** Warning: Found no facets matching domain for boundary condition.
*** Warning: Found no facets matching domain for boundary condition.
Appying BCs
output Mat-Vec: ../data/Amats/subdom9
Input XML-Mesh: ../data/foo10.xml
*** Warning: Found no facets matching domain for boundary condition.
*** Warning: Found no facets matching domain for boundary condition.
Appying BCs
output Mat-Vec: ../data/Amats/subdom10
Input XML-Mesh: ../data/foo11.xml
*** Warning: Found no facets matching domain for boundary condition.
*** Warning: Found no facets matching domain for boundary condition.
Appying BCs
output Mat-Vec: ../data/Amats/subdom11
Input XML-Mesh: ../data/foo12.xml
*** Warning: Found no facets matching domain for boundary condition.
*** Warning: Found no facets matching domain for boundary condition.
Appying BCs
output Mat-Vec: ../data/Amats/subdom12
Input XML-Mesh: ../data/foo13.xml
*** Warning: Found no facets matching domain for boundary condition.
*** Warning: Found no facets matching domain for boundary condition.
Appying BCs
output Mat-Vec: ../data/Amats/subdom13
Input XML-Mesh: ../data/foo14.xml
*** Warning: Found no facets matching domain for boundary condition.
*** Warning: Found no facets matching domain for boundary condition.
Appying BCs
output Mat-Vec: ../data/Amats/subdom14
Input XML-Mesh: ../data/foo15.xml
*** Warning: Found no facets matching domain for boundary condition.
*** Warning: Found no facets matching domain for boundary condition.
Appying BCs
output Mat-Vec: ../data/Amats/subdom15
Input XML-Mesh: ../data/foo16.xml
*** Warning: Found no facets matching domain for boundary condition.
*** Warning: Found no facets matching domain for boundary condition.
Appying BCs
output Mat-Vec: ../data/Amats/subdom16
Input XML-Mesh: ../data/foo17.xml
*** Warning: Found no facets matching domain for boundary condition.
*** Warning: Found no facets matching domain for boundary condition.
Appying BCs
output Mat-Vec: ../data/Amats/subdom17
Input XML-Mesh: ../data/foo18.xml
*** Warning: Found no facets matching domain for boundary condition.
*** Warning: Found no facets matching domain for boundary condition.
Appying BCs
output Mat-Vec: ../data/Amats/subdom18
Input XML-Mesh: ../data/foo19.xml
*** Warning: Found no facets matching domain for boundary condition.
*** Warning: Found no facets matching domain for boundary condition.
Appying BCs
output Mat-Vec: ../data/Amats/subdom19
Input XML-Mesh: ../data/foo20.xml
*** Warning: Found no facets matching domain for boundary condition.
*** Warning: Found no facets matching domain for boundary condition.
Appying BCs
output Mat-Vec: ../data/Amats/subdom20
Input XML-Mesh: ../data/foo21.xml
*** Warning: Found no facets matching domain for boundary condition.
*** Warning: Found no facets matching domain for boundary condition.
Appying BCs
output Mat-Vec: ../data/Amats/subdom21
Input XML-Mesh: ../data/foo22.xml
*** Warning: Found no facets matching domain for boundary condition.
*** Warning: Found no facets matching domain for boundary condition.
Appying BCs
output Mat-Vec: ../data/Amats/subdom22
Input XML-Mesh: ../data/foo23.xml
*** Warning: Found no facets matching domain for boundary condition.
*** Warning: Found no facets matching domain for boundary condition.
Appying BCs
output Mat-Vec: ../data/Amats/subdom23
Input XML-Mesh: ../data/foo24.xml
*** Warning: Found no facets matching domain for boundary condition.
*** Warning: Found no facets matching domain for boundary condition.
Appying BCs
output Mat-Vec: ../data/Amats/subdom24
Input XML-Mesh: ../data/foo25.xml
*** Warning: Found no facets matching domain for boundary condition.
*** Warning: Found no facets matching domain for boundary condition.
Appying BCs
output Mat-Vec: ../data/Amats/subdom25
Input XML-Mesh: ../data/foo26.xml
*** Warning: Found no facets matching domain for boundary condition.
*** Warning: Found no facets matching domain for boundary condition.
Appying BCs
output Mat-Vec: ../data/Amats/subdom26
Input XML-Mesh: ../data/foo27.xml
*** Warning: Found no facets matching domain for boundary condition.
*** Warning: Found no facets matching domain for boundary condition.
Appying BCs
output Mat-Vec: ../data/Amats/subdom27
Input XML-Mesh: ../data/foo28.xml
*** Warning: Found no facets matching domain for boundary condition.
*** Warning: Found no facets matching domain for boundary condition.
Appying BCs
output Mat-Vec: ../data/Amats/subdom28
Input XML-Mesh: ../data/foo29.xml
*** Warning: Found no facets matching domain for boundary condition.
*** Warning: Found no facets matching domain for boundary condition.
Appying BCs
output Mat-Vec: ../data/Amats/subdom29
Input XML-Mesh: ../data/foo30.xml
*** Warning: Found no facets matching domain for boundary condition.
*** Warning: Found no facets matching domain for boundary condition.
Appying BCs
output Mat-Vec: ../data/Amats/subdom30
Input XML-Mesh: ../data/foo31.xml
*** Warning: Found no facets matching domain for boundary condition.
*** Warning: Found no facets matching domain for boundary condition.
Appying BCs
output Mat-Vec: ../data/Amats/subdom31
Input XML-Mesh: ../data/foo32.xml
*** Warning: Found no facets matching domain for boundary condition.
*** Warning: Found no facets matching domain for boundary condition.
Appying BCs
output Mat-Vec: ../data/Amats/subdom32
Input XML-Mesh: ../data/foo33.xml
*** Warning: Found no facets matching domain for boundary condition.
*** Warning: Found no facets matching domain for boundary condition.
Appying BCs
output Mat-Vec: ../data/Amats/subdom33
Input XML-Mesh: ../data/foo34.xml
*** Warning: Found no facets matching domain for boundary condition.
*** Warning: Found no facets matching domain for boundary condition.
Appying BCs
output Mat-Vec: ../data/Amats/subdom34
Input XML-Mesh: ../data/foo35.xml
*** Warning: Found no facets matching domain for boundary condition.
*** Warning: Found no facets matching domain for boundary condition.
Appying BCs
output Mat-Vec: ../data/Amats/subdom35
Input XML-Mesh: ../data/foo36.xml
*** Warning: Found no facets matching domain for boundary condition.
*** Warning: Found no facets matching domain for boundary condition.
Appying BCs
output Mat-Vec: ../data/Amats/subdom36
Input XML-Mesh: ../data/foo37.xml
*** Warning: Found no facets matching domain for boundary condition.
*** Warning: Found no facets matching domain for boundary condition.
Appying BCs
output Mat-Vec: ../data/Amats/subdom37
Input XML-Mesh: ../data/foo38.xml
*** Warning: Found no facets matching domain for boundary condition.
*** Warning: Found no facets matching domain for boundary condition.
Appying BCs
output Mat-Vec: ../data/Amats/subdom38
Input XML-Mesh: ../data/foo39.xml
*** Warning: Found no facets matching domain for boundary condition.
*** Warning: Found no facets matching domain for boundary condition.
Appying BCs
output Mat-Vec: ../data/Amats/subdom39
Input XML-Mesh: ../data/foo40.xml
*** Warning: Found no facets matching domain for boundary condition.
*** Warning: Found no facets matching domain for boundary condition.
Appying BCs
output Mat-Vec: ../data/Amats/subdom40
Input XML-Mesh: ../data/foo41.xml
*** Warning: Found no facets matching domain for boundary condition.
*** Warning: Found no facets matching domain for boundary condition.
Appying BCs
output Mat-Vec: ../data/Amats/subdom41
Input XML-Mesh: ../data/foo42.xml
*** Warning: Found no facets matching domain for boundary condition.
*** Warning: Found no facets matching domain for boundary condition.
Appying BCs
output Mat-Vec: ../data/Amats/subdom42
Input XML-Mesh: ../data/foo43.xml
*** Warning: Found no facets matching domain for boundary condition.
*** Warning: Found no facets matching domain for boundary condition.
Appying BCs
output Mat-Vec: ../data/Amats/subdom43
Input XML-Mesh: ../data/foo44.xml
*** Warning: Found no facets matching domain for boundary condition.
*** Warning: Found no facets matching domain for boundary condition.
Appying BCs
output Mat-Vec: ../data/Amats/subdom44
Input XML-Mesh: ../data/foo45.xml
*** Warning: Found no facets matching domain for boundary condition.
*** Warning: Found no facets matching domain for boundary condition.
Appying BCs
output Mat-Vec: ../data/Amats/subdom45
Input XML-Mesh: ../data/foo46.xml
*** Warning: Found no facets matching domain for boundary condition.
*** Warning: Found no facets matching domain for boundary condition.
Appying BCs
output Mat-Vec: ../data/Amats/subdom46
Input XML-Mesh: ../data/foo47.xml
*** Warning: Found no facets matching domain for boundary condition.
*** Warning: Found no facets matching domain for boundary condition.
Appying BCs
output Mat-Vec: ../data/Amats/subdom47
Input XML-Mesh: ../data/foo48.xml
*** Warning: Found no facets matching domain for boundary condition.
*** Warning: Found no facets matching domain for boundary condition.
Appying BCs
output Mat-Vec: ../data/Amats/subdom48
Input XML-Mesh: ../data/foo49.xml
*** Warning: Found no facets matching domain for boundary condition.
*** Warning: Found no facets matching domain for boundary condition.
Appying BCs
output Mat-Vec: ../data/Amats/subdom49
Input XML-Mesh: ../data/foo50.xml
*** Warning: Found no facets matching domain for boundary condition.
*** Warning: Found no facets matching domain for boundary condition.
Appying BCs
output Mat-Vec: ../data/Amats/subdom50
Input XML-Mesh: ../data/foo51.xml
*** Warning: Found no facets matching domain for boundary condition.
*** Warning: Found no facets matching domain for boundary condition.
Appying BCs
output Mat-Vec: ../data/Amats/subdom51
Input XML-Mesh: ../data/foo52.xml
*** Warning: Found no facets matching domain for boundary condition.
*** Warning: Found no facets matching domain for boundary condition.
Appying BCs
output Mat-Vec: ../data/Amats/subdom52
Input XML-Mesh: ../data/foo53.xml
*** Warning: Found no facets matching domain for boundary condition.
*** Warning: Found no facets matching domain for boundary condition.
Appying BCs
output Mat-Vec: ../data/Amats/subdom53
Input XML-Mesh: ../data/foo54.xml
*** Warning: Found no facets matching domain for boundary condition.
*** Warning: Found no facets matching domain for boundary condition.
Appying BCs
output Mat-Vec: ../data/Amats/subdom54
Input XML-Mesh: ../data/foo55.xml
*** Warning: Found no facets matching domain for boundary condition.
*** Warning: Found no facets matching domain for boundary condition.
Appying BCs
output Mat-Vec: ../data/Amats/subdom55
Input XML-Mesh: ../data/foo56.xml
*** Warning: Found no facets matching domain for boundary condition.
*** Warning: Found no facets matching domain for boundary condition.
Appying BCs
output Mat-Vec: ../data/Amats/subdom56
Input XML-Mesh: ../data/foo57.xml
*** Warning: Found no facets matching domain for boundary condition.
*** Warning: Found no facets matching domain for boundary condition.
Appying BCs
output Mat-Vec: ../data/Amats/subdom57
Input XML-Mesh: ../data/foo58.xml
*** Warning: Found no facets matching domain for boundary condition.
*** Warning: Found no facets matching domain for boundary condition.
Appying BCs
output Mat-Vec: ../data/Amats/subdom58
Input XML-Mesh: ../data/foo59.xml
*** Warning: Found no facets matching domain for boundary condition.
*** Warning: Found no facets matching domain for boundary condition.
Appying BCs
output Mat-Vec: ../data/Amats/subdom59
Input XML-Mesh: ../data/foo60.xml
*** Warning: Found no facets matching domain for boundary condition.
*** Warning: Found no facets matching domain for boundary condition.
Appying BCs
output Mat-Vec: ../data/Amats/subdom60
Input XML-Mesh: ../data/foo61.xml
*** Warning: Found no facets matching domain for boundary condition.
*** Warning: Found no facets matching domain for boundary condition.
Appying BCs
output Mat-Vec: ../data/Amats/subdom61
Input XML-Mesh: ../data/foo62.xml
*** Warning: Found no facets matching domain for boundary condition.
*** Warning: Found no facets matching domain for boundary condition.
Appying BCs
output Mat-Vec: ../data/Amats/subdom62
Input XML-Mesh: ../data/foo63.xml
*** Warning: Found no facets matching domain for boundary condition.
*** Warning: Found no facets matching domain for boundary condition.
Appying BCs
output Mat-Vec: ../data/Amats/subdom63
Input XML-Mesh: ../data/foo64.xml
*** Warning: Found no facets matching domain for boundary condition.
*** Warning: Found no facets matching domain for boundary condition.
Appying BCs
output Mat-Vec: ../data/Amats/subdom64
Input XML-Mesh: ../data/foo65.xml
*** Warning: Found no facets matching domain for boundary condition.
*** Warning: Found no facets matching domain for boundary condition.
Appying BCs
output Mat-Vec: ../data/Amats/subdom65
Input XML-Mesh: ../data/foo66.xml
*** Warning: Found no facets matching domain for boundary condition.
*** Warning: Found no facets matching domain for boundary condition.
Appying BCs
output Mat-Vec: ../data/Amats/subdom66
Input XML-Mesh: ../data/foo67.xml
*** Warning: Found no facets matching domain for boundary condition.
*** Warning: Found no facets matching domain for boundary condition.
Appying BCs
output Mat-Vec: ../data/Amats/subdom67
Input XML-Mesh: ../data/foo68.xml
*** Warning: Found no facets matching domain for boundary condition.
*** Warning: Found no facets matching domain for boundary condition.
Appying BCs
output Mat-Vec: ../data/Amats/subdom68
Input XML-Mesh: ../data/foo69.xml
*** Warning: Found no facets matching domain for boundary condition.
*** Warning: Found no facets matching domain for boundary condition.
Appying BCs
output Mat-Vec: ../data/Amats/subdom69
Input XML-Mesh: ../data/foo70.xml
*** Warning: Found no facets matching domain for boundary condition.
*** Warning: Found no facets matching domain for boundary condition.
Appying BCs
output Mat-Vec: ../data/Amats/subdom70
Input XML-Mesh: ../data/foo71.xml
*** Warning: Found no facets matching domain for boundary condition.
*** Warning: Found no facets matching domain for boundary condition.
Appying BCs
output Mat-Vec: ../data/Amats/subdom71
Input XML-Mesh: ../data/foo72.xml
*** Warning: Found no facets matching domain for boundary condition.
*** Warning: Found no facets matching domain for boundary condition.
Appying BCs
output Mat-Vec: ../data/Amats/subdom72
Input XML-Mesh: ../data/foo73.xml
*** Warning: Found no facets matching domain for boundary condition.
*** Warning: Found no facets matching domain for boundary condition.
Appying BCs
output Mat-Vec: ../data/Amats/subdom73
Input XML-Mesh: ../data/foo74.xml
*** Warning: Found no facets matching domain for boundary condition.
*** Warning: Found no facets matching domain for boundary condition.
Appying BCs
output Mat-Vec: ../data/Amats/subdom74
Input XML-Mesh: ../data/foo75.xml
*** Warning: Found no facets matching domain for boundary condition.
*** Warning: Found no facets matching domain for boundary condition.
Appying BCs
output Mat-Vec: ../data/Amats/subdom75
Input XML-Mesh: ../data/foo76.xml
*** Warning: Found no facets matching domain for boundary condition.
*** Warning: Found no facets matching domain for boundary condition.
Appying BCs
output Mat-Vec: ../data/Amats/subdom76
Input XML-Mesh: ../data/foo77.xml
*** Warning: Found no facets matching domain for boundary condition.
*** Warning: Found no facets matching domain for boundary condition.
Appying BCs
output Mat-Vec: ../data/Amats/subdom77
Input XML-Mesh: ../data/foo78.xml
*** Warning: Found no facets matching domain for boundary condition.
*** Warning: Found no facets matching domain for boundary condition.
Appying BCs
output Mat-Vec: ../data/Amats/subdom78
Input XML-Mesh: ../data/foo79.xml
*** Warning: Found no facets matching domain for boundary condition.
*** Warning: Found no facets matching domain for boundary condition.
Appying BCs
output Mat-Vec: ../data/Amats/subdom79
Input XML-Mesh: ../data/foo80.xml
*** Warning: Found no facets matching domain for boundary condition.
*** Warning: Found no facets matching domain for boundary condition.
Appying BCs
output Mat-Vec: ../data/Amats/subdom80
Input XML-Mesh: ../data/foo81.xml
*** Warning: Found no facets matching domain for boundary condition.
*** Warning: Found no facets matching domain for boundary condition.
Appying BCs
output Mat-Vec: ../data/Amats/subdom81
Input XML-Mesh: ../data/foo82.xml
*** Warning: Found no facets matching domain for boundary condition.
*** Warning: Found no facets matching domain for boundary condition.
Appying BCs
output Mat-Vec: ../data/Amats/subdom82
Input XML-Mesh: ../data/foo83.xml
*** Warning: Found no facets matching domain for boundary condition.
*** Warning: Found no facets matching domain for boundary condition.
Appying BCs
output Mat-Vec: ../data/Amats/subdom83
Input XML-Mesh: ../data/foo84.xml
*** Warning: Found no facets matching domain for boundary condition.
*** Warning: Found no facets matching domain for boundary condition.
Appying BCs
output Mat-Vec: ../data/Amats/subdom84
Input XML-Mesh: ../data/foo85.xml
*** Warning: Found no facets matching domain for boundary condition.
*** Warning: Found no facets matching domain for boundary condition.
Appying BCs
output Mat-Vec: ../data/Amats/subdom85
Input XML-Mesh: ../data/foo86.xml
*** Warning: Found no facets matching domain for boundary condition.
*** Warning: Found no facets matching domain for boundary condition.
Appying BCs
output Mat-Vec: ../data/Amats/subdom86
Input XML-Mesh: ../data/foo87.xml
*** Warning: Found no facets matching domain for boundary condition.
*** Warning: Found no facets matching domain for boundary condition.
Appying BCs
output Mat-Vec: ../data/Amats/subdom87
Input XML-Mesh: ../data/foo88.xml
*** Warning: Found no facets matching domain for boundary condition.
*** Warning: Found no facets matching domain for boundary condition.
Appying BCs
output Mat-Vec: ../data/Amats/subdom88
Input XML-Mesh: ../data/foo89.xml
*** Warning: Found no facets matching domain for boundary condition.
*** Warning: Found no facets matching domain for boundary condition.
Appying BCs
output Mat-Vec: ../data/Amats/subdom89
Input XML-Mesh: ../data/foo90.xml
*** Warning: Found no facets matching domain for boundary condition.
*** Warning: Found no facets matching domain for boundary condition.
Appying BCs
output Mat-Vec: ../data/Amats/subdom90
Input XML-Mesh: ../data/foo91.xml
*** Warning: Found no facets matching domain for boundary condition.
*** Warning: Found no facets matching domain for boundary condition.
Appying BCs
output Mat-Vec: ../data/Amats/subdom91
Input XML-Mesh: ../data/foo92.xml
*** Warning: Found no facets matching domain for boundary condition.
*** Warning: Found no facets matching domain for boundary condition.
Appying BCs
output Mat-Vec: ../data/Amats/subdom92
Input XML-Mesh: ../data/foo93.xml
*** Warning: Found no facets matching domain for boundary condition.
*** Warning: Found no facets matching domain for boundary condition.
Appying BCs
output Mat-Vec: ../data/Amats/subdom93
Input XML-Mesh: ../data/foo94.xml
*** Warning: Found no facets matching domain for boundary condition.
*** Warning: Found no facets matching domain for boundary condition.
Appying BCs
output Mat-Vec: ../data/Amats/subdom94
Input XML-Mesh: ../data/foo95.xml
*** Warning: Found no facets matching domain for boundary condition.
*** Warning: Found no facets matching domain for boundary condition.
Appying BCs
output Mat-Vec: ../data/Amats/subdom95
Input XML-Mesh: ../data/foo96.xml
*** Warning: Found no facets matching domain for boundary condition.
*** Warning: Found no facets matching domain for boundary condition.
Appying BCs
output Mat-Vec: ../data/Amats/subdom96
Input XML-Mesh: ../data/foo97.xml
*** Warning: Found no facets matching domain for boundary condition.
*** Warning: Found no facets matching domain for boundary condition.
Appying BCs
output Mat-Vec: ../data/Amats/subdom97
Input XML-Mesh: ../data/foo98.xml
*** Warning: Found no facets matching domain for boundary condition.
*** Warning: Found no facets matching domain for boundary condition.
Appying BCs
output Mat-Vec: ../data/Amats/subdom98
Input XML-Mesh: ../data/foo99.xml
*** Warning: Found no facets matching domain for boundary condition.
*** Warning: Found no facets matching domain for boundary condition.
Appying BCs
output Mat-Vec: ../data/Amats/subdom99
Input XML-Mesh: ../data/foo100.xml
*** Warning: Found no facets matching domain for boundary condition.
*** Warning: Found no facets matching domain for boundary condition.
Appying BCs
output Mat-Vec: ../data/Amats/subdom100
Input XML-Mesh: ../data/foo101.xml
*** Warning: Found no facets matching domain for boundary condition.
*** Warning: Found no facets matching domain for boundary condition.
Appying BCs
output Mat-Vec: ../data/Amats/subdom101
Input XML-Mesh: ../data/foo102.xml
*** Warning: Found no facets matching domain for boundary condition.
*** Warning: Found no facets matching domain for boundary condition.
Appying BCs
output Mat-Vec: ../data/Amats/subdom102
Input XML-Mesh: ../data/foo103.xml
*** Warning: Found no facets matching domain for boundary condition.
*** Warning: Found no facets matching domain for boundary condition.
Appying BCs
output Mat-Vec: ../data/Amats/subdom103
Input XML-Mesh: ../data/foo104.xml
*** Warning: Found no facets matching domain for boundary condition.
*** Warning: Found no facets matching domain for boundary condition.
Appying BCs
output Mat-Vec: ../data/Amats/subdom104
Input XML-Mesh: ../data/foo105.xml
*** Warning: Found no facets matching domain for boundary condition.
*** Warning: Found no facets matching domain for boundary condition.
Appying BCs
output Mat-Vec: ../data/Amats/subdom105
Input XML-Mesh: ../data/foo106.xml
*** Warning: Found no facets matching domain for boundary condition.
*** Warning: Found no facets matching domain for boundary condition.
Appying BCs
output Mat-Vec: ../data/Amats/subdom106
Input XML-Mesh: ../data/foo107.xml
*** Warning: Found no facets matching domain for boundary condition.
*** Warning: Found no facets matching domain for boundary condition.
Appying BCs
output Mat-Vec: ../data/Amats/subdom107
Input XML-Mesh: ../data/foo108.xml
*** Warning: Found no facets matching domain for boundary condition.
*** Warning: Found no facets matching domain for boundary condition.
Appying BCs
output Mat-Vec: ../data/Amats/subdom108
Input XML-Mesh: ../data/foo109.xml
*** Warning: Found no facets matching domain for boundary condition.
*** Warning: Found no facets matching domain for boundary condition.
Appying BCs
output Mat-Vec: ../data/Amats/subdom109
Input XML-Mesh: ../data/foo110.xml
*** Warning: Found no facets matching domain for boundary condition.
*** Warning: Found no facets matching domain for boundary condition.
Appying BCs
output Mat-Vec: ../data/Amats/subdom110
Input XML-Mesh: ../data/foo111.xml
*** Warning: Found no facets matching domain for boundary condition.
*** Warning: Found no facets matching domain for boundary condition.
Appying BCs
output Mat-Vec: ../data/Amats/subdom111
Input XML-Mesh: ../data/foo112.xml
*** Warning: Found no facets matching domain for boundary condition.
*** Warning: Found no facets matching domain for boundary condition.
Appying BCs
output Mat-Vec: ../data/Amats/subdom112
Input XML-Mesh: ../data/foo113.xml
*** Warning: Found no facets matching domain for boundary condition.
*** Warning: Found no facets matching domain for boundary condition.
Appying BCs
output Mat-Vec: ../data/Amats/subdom113
Input XML-Mesh: ../data/foo114.xml
*** Warning: Found no facets matching domain for boundary condition.
*** Warning: Found no facets matching domain for boundary condition.
Appying BCs
output Mat-Vec: ../data/Amats/subdom114
Input XML-Mesh: ../data/foo115.xml
*** Warning: Found no facets matching domain for boundary condition.
*** Warning: Found no facets matching domain for boundary condition.
Appying BCs
output Mat-Vec: ../data/Amats/subdom115
Input XML-Mesh: ../data/foo116.xml
*** Warning: Found no facets matching domain for boundary condition.
*** Warning: Found no facets matching domain for boundary condition.
Appying BCs
output Mat-Vec: ../data/Amats/subdom116
Input XML-Mesh: ../data/foo117.xml
*** Warning: Found no facets matching domain for boundary condition.
*** Warning: Found no facets matching domain for boundary condition.
Appying BCs
output Mat-Vec: ../data/Amats/subdom117
Input XML-Mesh: ../data/foo118.xml
*** Warning: Found no facets matching domain for boundary condition.
*** Warning: Found no facets matching domain for boundary condition.
Appying BCs
output Mat-Vec: ../data/Amats/subdom118
Input XML-Mesh: ../data/foo119.xml
*** Warning: Found no facets matching domain for boundary condition.
*** Warning: Found no facets matching domain for boundary condition.
Appying BCs
output Mat-Vec: ../data/Amats/subdom119
Input XML-Mesh: ../data/foo120.xml
*** Warning: Found no facets matching domain for boundary condition.
*** Warning: Found no facets matching domain for boundary condition.
Appying BCs
output Mat-Vec: ../data/Amats/subdom120
Input XML-Mesh: ../data/foo121.xml
*** Warning: Found no facets matching domain for boundary condition.
*** Warning: Found no facets matching domain for boundary condition.
Appying BCs
output Mat-Vec: ../data/Amats/subdom121
Input XML-Mesh: ../data/foo122.xml
*** Warning: Found no facets matching domain for boundary condition.
*** Warning: Found no facets matching domain for boundary condition.
Appying BCs
output Mat-Vec: ../data/Amats/subdom122
Input XML-Mesh: ../data/foo123.xml
*** Warning: Found no facets matching domain for boundary condition.
Appying BCs
output Mat-Vec: ../data/Amats/subdom123
Input XML-Mesh: ../data/foo124.xml
*** Warning: Found no facets matching domain for boundary condition.
Appying BCs
output Mat-Vec: ../data/Amats/subdom124
Input XML-Mesh: ../data/foo125.xml
*** Warning: Found no facets matching domain for boundary condition.
*** Warning: Found no facets matching domain for boundary condition.
Appying BCs
output Mat-Vec: ../data/Amats/subdom125
Input XML-Mesh: ../data/foo126.xml
*** Warning: Found no facets matching domain for boundary condition.
Appying BCs
output Mat-Vec: ../data/Amats/subdom126
Input XML-Mesh: ../data/foo127.xml
*** Warning: Found no facets matching domain for boundary condition.
Appying BCs
output Mat-Vec: ../data/Amats/subdom127
Input XML-Mesh: ../data/foo128.xml
*** Warning: Found no facets matching domain for boundary condition.
*** Warning: Found no facets matching domain for boundary condition.
Appying BCs
output Mat-Vec: ../data/Amats/subdom128
Input XML-Mesh: ../data/foo129.xml
*** Warning: Found no facets matching domain for boundary condition.
*** Warning: Found no facets matching domain for boundary condition.
Appying BCs
output Mat-Vec: ../data/Amats/subdom129
Input XML-Mesh: ../data/foo130.xml
*** Warning: Found no facets matching domain for boundary condition.
*** Warning: Found no facets matching domain for boundary condition.
Appying BCs
output Mat-Vec: ../data/Amats/subdom130
Input XML-Mesh: ../data/foo131.xml
*** Warning: Found no facets matching domain for boundary condition.
Appying BCs
output Mat-Vec: ../data/Amats/subdom131
Input XML-Mesh: ../data/foo132.xml
*** Warning: Found no facets matching domain for boundary condition.
Appying BCs
output Mat-Vec: ../data/Amats/subdom132
Input XML-Mesh: ../data/foo133.xml
*** Warning: Found no facets matching domain for boundary condition.
Appying BCs
output Mat-Vec: ../data/Amats/subdom133
Input XML-Mesh: ../data/foo134.xml
*** Warning: Found no facets matching domain for boundary condition.
*** Warning: Found no facets matching domain for boundary condition.
Appying BCs
output Mat-Vec: ../data/Amats/subdom134
Input XML-Mesh: ../data/foo135.xml
*** Warning: Found no facets matching domain for boundary condition.
*** Warning: Found no facets matching domain for boundary condition.
Appying BCs
output Mat-Vec: ../data/Amats/subdom135
Input XML-Mesh: ../data/foo136.xml
*** Warning: Found no facets matching domain for boundary condition.
Appying BCs
output Mat-Vec: ../data/Amats/subdom136
Input XML-Mesh: ../data/foo137.xml
*** Warning: Found no facets matching domain for boundary condition.
Appying BCs
output Mat-Vec: ../data/Amats/subdom137
Input XML-Mesh: ../data/foo138.xml
*** Warning: Found no facets matching domain for boundary condition.
*** Warning: Found no facets matching domain for boundary condition.
Appying BCs
output Mat-Vec: ../data/Amats/subdom138
Input XML-Mesh: ../data/foo139.xml
*** Warning: Found no facets matching domain for boundary condition.
*** Warning: Found no facets matching domain for boundary condition.
Appying BCs
output Mat-Vec: ../data/Amats/subdom139
Input XML-Mesh: ../data/foo140.xml
*** Warning: Found no facets matching domain for boundary condition.
*** Warning: Found no facets matching domain for boundary condition.
Appying BCs
output Mat-Vec: ../data/Amats/subdom140
Input XML-Mesh: ../data/foo141.xml
*** Warning: Found no facets matching domain for boundary condition.
Appying BCs
output Mat-Vec: ../data/Amats/subdom141
Input XML-Mesh: ../data/foo142.xml
*** Warning: Found no facets matching domain for boundary condition.
*** Warning: Found no facets matching domain for boundary condition.
Appying BCs
output Mat-Vec: ../data/Amats/subdom142
Input XML-Mesh: ../data/foo143.xml
*** Warning: Found no facets matching domain for boundary condition.
Appying BCs
output Mat-Vec: ../data/Amats/subdom143
Input XML-Mesh: ../data/foo144.xml
*** Warning: Found no facets matching domain for boundary condition.
Appying BCs
output Mat-Vec: ../data/Amats/subdom144
Input XML-Mesh: ../data/foo145.xml
*** Warning: Found no facets matching domain for boundary condition.
Appying BCs
output Mat-Vec: ../data/Amats/subdom145
Input XML-Mesh: ../data/foo146.xml
*** Warning: Found no facets matching domain for boundary condition.
*** Warning: Found no facets matching domain for boundary condition.
Appying BCs
output Mat-Vec: ../data/Amats/subdom146
Input XML-Mesh: ../data/foo147.xml
*** Warning: Found no facets matching domain for boundary condition.
*** Warning: Found no facets matching domain for boundary condition.
Appying BCs
output Mat-Vec: ../data/Amats/subdom147
Input XML-Mesh: ../data/foo148.xml
*** Warning: Found no facets matching domain for boundary condition.
*** Warning: Found no facets matching domain for boundary condition.
Appying BCs
output Mat-Vec: ../data/Amats/subdom148
Input XML-Mesh: ../data/foo149.xml
*** Warning: Found no facets matching domain for boundary condition.
*** Warning: Found no facets matching domain for boundary condition.
Appying BCs
output Mat-Vec: ../data/Amats/subdom149
Input XML-Mesh: ../data/foo150.xml
*** Warning: Found no facets matching domain for boundary condition.
*** Warning: Found no facets matching domain for boundary condition.
Appying BCs
output Mat-Vec: ../data/Amats/subdom150
Input XML-Mesh: ../data/foo151.xml
*** Warning: Found no facets matching domain for boundary condition.
Appying BCs
output Mat-Vec: ../data/Amats/subdom151
Input XML-Mesh: ../data/foo152.xml
*** Warning: Found no facets matching domain for boundary condition.
Appying BCs
output Mat-Vec: ../data/Amats/subdom152
Input XML-Mesh: ../data/foo153.xml
*** Warning: Found no facets matching domain for boundary condition.
Appying BCs
output Mat-Vec: ../data/Amats/subdom153
Input XML-Mesh: ../data/foo154.xml
*** Warning: Found no facets matching domain for boundary condition.
*** Warning: Found no facets matching domain for boundary condition.
Appying BCs
output Mat-Vec: ../data/Amats/subdom154
Input XML-Mesh: ../data/foo155.xml
*** Warning: Found no facets matching domain for boundary condition.
Appying BCs
output Mat-Vec: ../data/Amats/subdom155
Input XML-Mesh: ../data/foo156.xml
*** Warning: Found no facets matching domain for boundary condition.
*** Warning: Found no facets matching domain for boundary condition.
Appying BCs
output Mat-Vec: ../data/Amats/subdom156
Input XML-Mesh: ../data/foo157.xml
*** Warning: Found no facets matching domain for boundary condition.
*** Warning: Found no facets matching domain for boundary condition.
Appying BCs
output Mat-Vec: ../data/Amats/subdom157
Input XML-Mesh: ../data/foo158.xml
*** Warning: Found no facets matching domain for boundary condition.
*** Warning: Found no facets matching domain for boundary condition.
Appying BCs
output Mat-Vec: ../data/Amats/subdom158
Input XML-Mesh: ../data/foo159.xml
*** Warning: Found no facets matching domain for boundary condition.
*** Warning: Found no facets matching domain for boundary condition.
Appying BCs
output Mat-Vec: ../data/Amats/subdom159
Input XML-Mesh: ../data/foo160.xml
*** Warning: Found no facets matching domain for boundary condition.
*** Warning: Found no facets matching domain for boundary condition.
Appying BCs
output Mat-Vec: ../data/Amats/subdom160
Input XML-Mesh: ../data/foo161.xml
*** Warning: Found no facets matching domain for boundary condition.
*** Warning: Found no facets matching domain for boundary condition.
Appying BCs
output Mat-Vec: ../data/Amats/subdom161
Input XML-Mesh: ../data/foo162.xml
*** Warning: Found no facets matching domain for boundary condition.
*** Warning: Found no facets matching domain for boundary condition.
Appying BCs
output Mat-Vec: ../data/Amats/subdom162
Input XML-Mesh: ../data/foo163.xml
*** Warning: Found no facets matching domain for boundary condition.
*** Warning: Found no facets matching domain for boundary condition.
Appying BCs
output Mat-Vec: ../data/Amats/subdom163
Input XML-Mesh: ../data/foo164.xml
*** Warning: Found no facets matching domain for boundary condition.
*** Warning: Found no facets matching domain for boundary condition.
Appying BCs
output Mat-Vec: ../data/Amats/subdom164
Input XML-Mesh: ../data/foo165.xml
*** Warning: Found no facets matching domain for boundary condition.
*** Warning: Found no facets matching domain for boundary condition.
Appying BCs
output Mat-Vec: ../data/Amats/subdom165
Input XML-Mesh: ../data/foo166.xml
*** Warning: Found no facets matching domain for boundary condition.
*** Warning: Found no facets matching domain for boundary condition.
Appying BCs
output Mat-Vec: ../data/Amats/subdom166
Input XML-Mesh: ../data/foo167.xml
*** Warning: Found no facets matching domain for boundary condition.
*** Warning: Found no facets matching domain for boundary condition.
Appying BCs
output Mat-Vec: ../data/Amats/subdom167
Input XML-Mesh: ../data/foo168.xml
*** Warning: Found no facets matching domain for boundary condition.
*** Warning: Found no facets matching domain for boundary condition.
Appying BCs
output Mat-Vec: ../data/Amats/subdom168
Input XML-Mesh: ../data/foo169.xml
*** Warning: Found no facets matching domain for boundary condition.
*** Warning: Found no facets matching domain for boundary condition.
Appying BCs
output Mat-Vec: ../data/Amats/subdom169
Input XML-Mesh: ../data/foo170.xml
*** Warning: Found no facets matching domain for boundary condition.
*** Warning: Found no facets matching domain for boundary condition.
Appying BCs
output Mat-Vec: ../data/Amats/subdom170
Input XML-Mesh: ../data/foo171.xml
*** Warning: Found no facets matching domain for boundary condition.
*** Warning: Found no facets matching domain for boundary condition.
Appying BCs
output Mat-Vec: ../data/Amats/subdom171
Input XML-Mesh: ../data/foo172.xml
*** Warning: Found no facets matching domain for boundary condition.
*** Warning: Found no facets matching domain for boundary condition.
Appying BCs
output Mat-Vec: ../data/Amats/subdom172
Input XML-Mesh: ../data/foo173.xml
*** Warning: Found no facets matching domain for boundary condition.
*** Warning: Found no facets matching domain for boundary condition.
Appying BCs
output Mat-Vec: ../data/Amats/subdom173
Input XML-Mesh: ../data/foo174.xml
*** Warning: Found no facets matching domain for boundary condition.
*** Warning: Found no facets matching domain for boundary condition.
Appying BCs
output Mat-Vec: ../data/Amats/subdom174
Input XML-Mesh: ../data/foo175.xml
*** Warning: Found no facets matching domain for boundary condition.
*** Warning: Found no facets matching domain for boundary condition.
Appying BCs
output Mat-Vec: ../data/Amats/subdom175
Input XML-Mesh: ../data/foo176.xml
*** Warning: Found no facets matching domain for boundary condition.
*** Warning: Found no facets matching domain for boundary condition.
Appying BCs
output Mat-Vec: ../data/Amats/subdom176
Input XML-Mesh: ../data/foo177.xml
*** Warning: Found no facets matching domain for boundary condition.
*** Warning: Found no facets matching domain for boundary condition.
Appying BCs
output Mat-Vec: ../data/Amats/subdom177
Input XML-Mesh: ../data/foo178.xml
*** Warning: Found no facets matching domain for boundary condition.
*** Warning: Found no facets matching domain for boundary condition.
Appying BCs
output Mat-Vec: ../data/Amats/subdom178
Input XML-Mesh: ../data/foo179.xml
*** Warning: Found no facets matching domain for boundary condition.
*** Warning: Found no facets matching domain for boundary condition.
Appying BCs
output Mat-Vec: ../data/Amats/subdom179
Input XML-Mesh: ../data/foo180.xml
*** Warning: Found no facets matching domain for boundary condition.
*** Warning: Found no facets matching domain for boundary condition.
Appying BCs
output Mat-Vec: ../data/Amats/subdom180
Input XML-Mesh: ../data/foo181.xml
*** Warning: Found no facets matching domain for boundary condition.
*** Warning: Found no facets matching domain for boundary condition.
Appying BCs
output Mat-Vec: ../data/Amats/subdom181
Input XML-Mesh: ../data/foo182.xml
*** Warning: Found no facets matching domain for boundary condition.
*** Warning: Found no facets matching domain for boundary condition.
Appying BCs
output Mat-Vec: ../data/Amats/subdom182
Input XML-Mesh: ../data/foo183.xml
*** Warning: Found no facets matching domain for boundary condition.
*** Warning: Found no facets matching domain for boundary condition.
Appying BCs
output Mat-Vec: ../data/Amats/subdom183
Input XML-Mesh: ../data/foo184.xml
*** Warning: Found no facets matching domain for boundary condition.
*** Warning: Found no facets matching domain for boundary condition.
Appying BCs
output Mat-Vec: ../data/Amats/subdom184
Input XML-Mesh: ../data/foo185.xml
*** Warning: Found no facets matching domain for boundary condition.
*** Warning: Found no facets matching domain for boundary condition.
Appying BCs
output Mat-Vec: ../data/Amats/subdom185
Input XML-Mesh: ../data/foo186.xml
*** Warning: Found no facets matching domain for boundary condition.
*** Warning: Found no facets matching domain for boundary condition.
Appying BCs
output Mat-Vec: ../data/Amats/subdom186
Input XML-Mesh: ../data/foo187.xml
*** Warning: Found no facets matching domain for boundary condition.
*** Warning: Found no facets matching domain for boundary condition.
Appying BCs
output Mat-Vec: ../data/Amats/subdom187
Input XML-Mesh: ../data/foo188.xml
*** Warning: Found no facets matching domain for boundary condition.
*** Warning: Found no facets matching domain for boundary condition.
Appying BCs
output Mat-Vec: ../data/Amats/subdom188
Input XML-Mesh: ../data/foo189.xml
*** Warning: Found no facets matching domain for boundary condition.
*** Warning: Found no facets matching domain for boundary condition.
Appying BCs
output Mat-Vec: ../data/Amats/subdom189
Input XML-Mesh: ../data/foo190.xml
*** Warning: Found no facets matching domain for boundary condition.
*** Warning: Found no facets matching domain for boundary condition.
Appying BCs
output Mat-Vec: ../data/Amats/subdom190
Input XML-Mesh: ../data/foo191.xml
*** Warning: Found no facets matching domain for boundary condition.
*** Warning: Found no facets matching domain for boundary condition.
Appying BCs
output Mat-Vec: ../data/Amats/subdom191
Input XML-Mesh: ../data/foo192.xml
*** Warning: Found no facets matching domain for boundary condition.
*** Warning: Found no facets matching domain for boundary condition.
Appying BCs
output Mat-Vec: ../data/Amats/subdom192
Input XML-Mesh: ../data/foo193.xml
*** Warning: Found no facets matching domain for boundary condition.
*** Warning: Found no facets matching domain for boundary condition.
Appying BCs
output Mat-Vec: ../data/Amats/subdom193
Input XML-Mesh: ../data/foo194.xml
*** Warning: Found no facets matching domain for boundary condition.
*** Warning: Found no facets matching domain for boundary condition.
Appying BCs
output Mat-Vec: ../data/Amats/subdom194
Input XML-Mesh: ../data/foo195.xml
*** Warning: Found no facets matching domain for boundary condition.
*** Warning: Found no facets matching domain for boundary condition.
Appying BCs
output Mat-Vec: ../data/Amats/subdom195
Input XML-Mesh: ../data/foo196.xml
*** Warning: Found no facets matching domain for boundary condition.
*** Warning: Found no facets matching domain for boundary condition.
Appying BCs
output Mat-Vec: ../data/Amats/subdom196
Input XML-Mesh: ../data/foo197.xml
*** Warning: Found no facets matching domain for boundary condition.
*** Warning: Found no facets matching domain for boundary condition.
Appying BCs
output Mat-Vec: ../data/Amats/subdom197
Input XML-Mesh: ../data/foo198.xml
*** Warning: Found no facets matching domain for boundary condition.
*** Warning: Found no facets matching domain for boundary condition.
Appying BCs
output Mat-Vec: ../data/Amats/subdom198
Input XML-Mesh: ../data/foo199.xml
*** Warning: Found no facets matching domain for boundary condition.
*** Warning: Found no facets matching domain for boundary condition.
Appying BCs
output Mat-Vec: ../data/Amats/subdom199
Input XML-Mesh: ../data/foo200.xml
*** Warning: Found no facets matching domain for boundary condition.
*** Warning: Found no facets matching domain for boundary condition.
Appying BCs
output Mat-Vec: ../data/Amats/subdom200
Input XML-Mesh: ../data/foo201.xml
*** Warning: Found no facets matching domain for boundary condition.
*** Warning: Found no facets matching domain for boundary condition.
Appying BCs
output Mat-Vec: ../data/Amats/subdom201
Input XML-Mesh: ../data/foo202.xml
*** Warning: Found no facets matching domain for boundary condition.
*** Warning: Found no facets matching domain for boundary condition.
Appying BCs
output Mat-Vec: ../data/Amats/subdom202
Input XML-Mesh: ../data/foo203.xml
*** Warning: Found no facets matching domain for boundary condition.
*** Warning: Found no facets matching domain for boundary condition.
Appying BCs
output Mat-Vec: ../data/Amats/subdom203
Input XML-Mesh: ../data/foo204.xml
*** Warning: Found no facets matching domain for boundary condition.
*** Warning: Found no facets matching domain for boundary condition.
Appying BCs
output Mat-Vec: ../data/Amats/subdom204
Input XML-Mesh: ../data/foo205.xml
*** Warning: Found no facets matching domain for boundary condition.
*** Warning: Found no facets matching domain for boundary condition.
Appying BCs
output Mat-Vec: ../data/Amats/subdom205
Input XML-Mesh: ../data/foo206.xml
*** Warning: Found no facets matching domain for boundary condition.
*** Warning: Found no facets matching domain for boundary condition.
Appying BCs
output Mat-Vec: ../data/Amats/subdom206
Input XML-Mesh: ../data/foo207.xml
*** Warning: Found no facets matching domain for boundary condition.
*** Warning: Found no facets matching domain for boundary condition.
Appying BCs
output Mat-Vec: ../data/Amats/subdom207
Input XML-Mesh: ../data/foo208.xml
*** Warning: Found no facets matching domain for boundary condition.
*** Warning: Found no facets matching domain for boundary condition.
Appying BCs
output Mat-Vec: ../data/Amats/subdom208
Input XML-Mesh: ../data/foo209.xml
*** Warning: Found no facets matching domain for boundary condition.
*** Warning: Found no facets matching domain for boundary condition.
Appying BCs
output Mat-Vec: ../data/Amats/subdom209
Input XML-Mesh: ../data/foo210.xml
*** Warning: Found no facets matching domain for boundary condition.
*** Warning: Found no facets matching domain for boundary condition.
Appying BCs
output Mat-Vec: ../data/Amats/subdom210
Input XML-Mesh: ../data/foo211.xml
*** Warning: Found no facets matching domain for boundary condition.
*** Warning: Found no facets matching domain for boundary condition.
Appying BCs
output Mat-Vec: ../data/Amats/subdom211
Input XML-Mesh: ../data/foo212.xml
*** Warning: Found no facets matching domain for boundary condition.
*** Warning: Found no facets matching domain for boundary condition.
Appying BCs
output Mat-Vec: ../data/Amats/subdom212
Input XML-Mesh: ../data/foo213.xml
*** Warning: Found no facets matching domain for boundary condition.
*** Warning: Found no facets matching domain for boundary condition.
Appying BCs
output Mat-Vec: ../data/Amats/subdom213
Input XML-Mesh: ../data/foo214.xml
*** Warning: Found no facets matching domain for boundary condition.
*** Warning: Found no facets matching domain for boundary condition.
Appying BCs
output Mat-Vec: ../data/Amats/subdom214
Input XML-Mesh: ../data/foo215.xml
*** Warning: Found no facets matching domain for boundary condition.
*** Warning: Found no facets matching domain for boundary condition.
Appying BCs
output Mat-Vec: ../data/Amats/subdom215
Input XML-Mesh: ../data/foo216.xml
*** Warning: Found no facets matching domain for boundary condition.
*** Warning: Found no facets matching domain for boundary condition.
Appying BCs
output Mat-Vec: ../data/Amats/subdom216
Input XML-Mesh: ../data/foo217.xml
*** Warning: Found no facets matching domain for boundary condition.
*** Warning: Found no facets matching domain for boundary condition.
Appying BCs
output Mat-Vec: ../data/Amats/subdom217
Input XML-Mesh: ../data/foo218.xml
*** Warning: Found no facets matching domain for boundary condition.
*** Warning: Found no facets matching domain for boundary condition.
Appying BCs
output Mat-Vec: ../data/Amats/subdom218
Input XML-Mesh: ../data/foo219.xml
*** Warning: Found no facets matching domain for boundary condition.
*** Warning: Found no facets matching domain for boundary condition.
Appying BCs
output Mat-Vec: ../data/Amats/subdom219
Input XML-Mesh: ../data/foo220.xml
*** Warning: Found no facets matching domain for boundary condition.
*** Warning: Found no facets matching domain for boundary condition.
Appying BCs
output Mat-Vec: ../data/Amats/subdom220
Input XML-Mesh: ../data/foo221.xml
*** Warning: Found no facets matching domain for boundary condition.
*** Warning: Found no facets matching domain for boundary condition.
Appying BCs
output Mat-Vec: ../data/Amats/subdom221
Input XML-Mesh: ../data/foo222.xml
*** Warning: Found no facets matching domain for boundary condition.
*** Warning: Found no facets matching domain for boundary condition.
Appying BCs
output Mat-Vec: ../data/Amats/subdom222
Input XML-Mesh: ../data/foo223.xml
*** Warning: Found no facets matching domain for boundary condition.
*** Warning: Found no facets matching domain for boundary condition.
Appying BCs
output Mat-Vec: ../data/Amats/subdom223
Input XML-Mesh: ../data/foo224.xml
*** Warning: Found no facets matching domain for boundary condition.
*** Warning: Found no facets matching domain for boundary condition.
Appying BCs
output Mat-Vec: ../data/Amats/subdom224
Input XML-Mesh: ../data/foo225.xml
*** Warning: Found no facets matching domain for boundary condition.
*** Warning: Found no facets matching domain for boundary condition.
Appying BCs
output Mat-Vec: ../data/Amats/subdom225
Input XML-Mesh: ../data/foo226.xml
*** Warning: Found no facets matching domain for boundary condition.
*** Warning: Found no facets matching domain for boundary condition.
Appying BCs
output Mat-Vec: ../data/Amats/subdom226
Input XML-Mesh: ../data/foo227.xml
*** Warning: Found no facets matching domain for boundary condition.
*** Warning: Found no facets matching domain for boundary condition.
Appying BCs
output Mat-Vec: ../data/Amats/subdom227
Input XML-Mesh: ../data/foo228.xml
*** Warning: Found no facets matching domain for boundary condition.
*** Warning: Found no facets matching domain for boundary condition.
Appying BCs
output Mat-Vec: ../data/Amats/subdom228
Input XML-Mesh: ../data/foo229.xml
*** Warning: Found no facets matching domain for boundary condition.
*** Warning: Found no facets matching domain for boundary condition.
Appying BCs
output Mat-Vec: ../data/Amats/subdom229
Input XML-Mesh: ../data/foo230.xml
*** Warning: Found no facets matching domain for boundary condition.
*** Warning: Found no facets matching domain for boundary condition.
Appying BCs
output Mat-Vec: ../data/Amats/subdom230
Input XML-Mesh: ../data/foo231.xml
*** Warning: Found no facets matching domain for boundary condition.
*** Warning: Found no facets matching domain for boundary condition.
Appying BCs
output Mat-Vec: ../data/Amats/subdom231
Input XML-Mesh: ../data/foo232.xml
*** Warning: Found no facets matching domain for boundary condition.
*** Warning: Found no facets matching domain for boundary condition.
Appying BCs
output Mat-Vec: ../data/Amats/subdom232
Input XML-Mesh: ../data/foo233.xml
*** Warning: Found no facets matching domain for boundary condition.
*** Warning: Found no facets matching domain for boundary condition.
Appying BCs
output Mat-Vec: ../data/Amats/subdom233
Input XML-Mesh: ../data/foo234.xml
*** Warning: Found no facets matching domain for boundary condition.
*** Warning: Found no facets matching domain for boundary condition.
Appying BCs
output Mat-Vec: ../data/Amats/subdom234
Input XML-Mesh: ../data/foo235.xml
*** Warning: Found no facets matching domain for boundary condition.
*** Warning: Found no facets matching domain for boundary condition.
Appying BCs
output Mat-Vec: ../data/Amats/subdom235
Input XML-Mesh: ../data/foo236.xml
*** Warning: Found no facets matching domain for boundary condition.
*** Warning: Found no facets matching domain for boundary condition.
Appying BCs
output Mat-Vec: ../data/Amats/subdom236
Input XML-Mesh: ../data/foo237.xml
*** Warning: Found no facets matching domain for boundary condition.
*** Warning: Found no facets matching domain for boundary condition.
Appying BCs
output Mat-Vec: ../data/Amats/subdom237
Input XML-Mesh: ../data/foo238.xml
*** Warning: Found no facets matching domain for boundary condition.
*** Warning: Found no facets matching domain for boundary condition.
Appying BCs
output Mat-Vec: ../data/Amats/subdom238
Input XML-Mesh: ../data/foo239.xml
*** Warning: Found no facets matching domain for boundary condition.
*** Warning: Found no facets matching domain for boundary condition.
Appying BCs
output Mat-Vec: ../data/Amats/subdom239
Input XML-Mesh: ../data/foo240.xml
*** Warning: Found no facets matching domain for boundary condition.
*** Warning: Found no facets matching domain for boundary condition.
Appying BCs
output Mat-Vec: ../data/Amats/subdom240
Input XML-Mesh: ../data/foo241.xml
*** Warning: Found no facets matching domain for boundary condition.
*** Warning: Found no facets matching domain for boundary condition.
Appying BCs
output Mat-Vec: ../data/Amats/subdom241
Input XML-Mesh: ../data/foo242.xml
*** Warning: Found no facets matching domain for boundary condition.
*** Warning: Found no facets matching domain for boundary condition.
Appying BCs
output Mat-Vec: ../data/Amats/subdom242
Input XML-Mesh: ../data/foo243.xml
*** Warning: Found no facets matching domain for boundary condition.
*** Warning: Found no facets matching domain for boundary condition.
Appying BCs
output Mat-Vec: ../data/Amats/subdom243
Input XML-Mesh: ../data/foo244.xml
*** Warning: Found no facets matching domain for boundary condition.
*** Warning: Found no facets matching domain for boundary condition.
Appying BCs
output Mat-Vec: ../data/Amats/subdom244
Input XML-Mesh: ../data/foo245.xml
*** Warning: Found no facets matching domain for boundary condition.
*** Warning: Found no facets matching domain for boundary condition.
Appying BCs
output Mat-Vec: ../data/Amats/subdom245
Input XML-Mesh: ../data/foo246.xml
*** Warning: Found no facets matching domain for boundary condition.
*** Warning: Found no facets matching domain for boundary condition.
Appying BCs
output Mat-Vec: ../data/Amats/subdom246
Input XML-Mesh: ../data/foo247.xml
*** Warning: Found no facets matching domain for boundary condition.
*** Warning: Found no facets matching domain for boundary condition.
Appying BCs
output Mat-Vec: ../data/Amats/subdom247
Input XML-Mesh: ../data/foo248.xml
*** Warning: Found no facets matching domain for boundary condition.
*** Warning: Found no facets matching domain for boundary condition.
Appying BCs
output Mat-Vec: ../data/Amats/subdom248
Input XML-Mesh: ../data/foo249.xml
*** Warning: Found no facets matching domain for boundary condition.
*** Warning: Found no facets matching domain for boundary condition.
Appying BCs
output Mat-Vec: ../data/Amats/subdom249
Input XML-Mesh: ../data/foo250.xml
*** Warning: Found no facets matching domain for boundary condition.
*** Warning: Found no facets matching domain for boundary condition.
Appying BCs
output Mat-Vec: ../data/Amats/subdom250
Input XML-Mesh: ../data/foo251.xml
*** Warning: Found no facets matching domain for boundary condition.
*** Warning: Found no facets matching domain for boundary condition.
Appying BCs
output Mat-Vec: ../data/Amats/subdom251
Input XML-Mesh: ../data/foo252.xml
*** Warning: Found no facets matching domain for boundary condition.
*** Warning: Found no facets matching domain for boundary condition.
Appying BCs
output Mat-Vec: ../data/Amats/subdom252
Input XML-Mesh: ../data/foo253.xml
*** Warning: Found no facets matching domain for boundary condition.
*** Warning: Found no facets matching domain for boundary condition.
Appying BCs
output Mat-Vec: ../data/Amats/subdom253
Input XML-Mesh: ../data/foo254.xml
*** Warning: Found no facets matching domain for boundary condition.
*** Warning: Found no facets matching domain for boundary condition.
Appying BCs
output Mat-Vec: ../data/Amats/subdom254
Input XML-Mesh: ../data/foo255.xml
*** Warning: Found no facets matching domain for boundary condition.
*** Warning: Found no facets matching domain for boundary condition.
Appying BCs
output Mat-Vec: ../data/Amats/subdom255
Input XML-Mesh: ../data/foo256.xml
*** Warning: Found no facets matching domain for boundary condition.
*** Warning: Found no facets matching domain for boundary condition.
Appying BCs
output Mat-Vec: ../data/Amats/subdom256
Input XML-Mesh: ../data/foo257.xml
*** Warning: Found no facets matching domain for boundary condition.
*** Warning: Found no facets matching domain for boundary condition.
Appying BCs
output Mat-Vec: ../data/Amats/subdom257
Input XML-Mesh: ../data/foo258.xml
*** Warning: Found no facets matching domain for boundary condition.
*** Warning: Found no facets matching domain for boundary condition.
Appying BCs
output Mat-Vec: ../data/Amats/subdom258
Input XML-Mesh: ../data/foo259.xml
*** Warning: Found no facets matching domain for boundary condition.
*** Warning: Found no facets matching domain for boundary condition.
Appying BCs
output Mat-Vec: ../data/Amats/subdom259
Input XML-Mesh: ../data/foo260.xml
*** Warning: Found no facets matching domain for boundary condition.
*** Warning: Found no facets matching domain for boundary condition.
Appying BCs
output Mat-Vec: ../data/Amats/subdom260
Input XML-Mesh: ../data/foo261.xml
*** Warning: Found no facets matching domain for boundary condition.
*** Warning: Found no facets matching domain for boundary condition.
Appying BCs
output Mat-Vec: ../data/Amats/subdom261
Input XML-Mesh: ../data/foo262.xml
*** Warning: Found no facets matching domain for boundary condition.
*** Warning: Found no facets matching domain for boundary condition.
Appying BCs
output Mat-Vec: ../data/Amats/subdom262
Input XML-Mesh: ../data/foo263.xml
*** Warning: Found no facets matching domain for boundary condition.
*** Warning: Found no facets matching domain for boundary condition.
Appying BCs
output Mat-Vec: ../data/Amats/subdom263
Input XML-Mesh: ../data/foo264.xml
*** Warning: Found no facets matching domain for boundary condition.
*** Warning: Found no facets matching domain for boundary condition.
Appying BCs
output Mat-Vec: ../data/Amats/subdom264
Input XML-Mesh: ../data/foo265.xml
*** Warning: Found no facets matching domain for boundary condition.
*** Warning: Found no facets matching domain for boundary condition.
Appying BCs
output Mat-Vec: ../data/Amats/subdom265
Input XML-Mesh: ../data/foo266.xml
*** Warning: Found no facets matching domain for boundary condition.
*** Warning: Found no facets matching domain for boundary condition.
Appying BCs
output Mat-Vec: ../data/Amats/subdom266
Input XML-Mesh: ../data/foo267.xml
*** Warning: Found no facets matching domain for boundary condition.
*** Warning: Found no facets matching domain for boundary condition.
Appying BCs
output Mat-Vec: ../data/Amats/subdom267
Input XML-Mesh: ../data/foo268.xml
*** Warning: Found no facets matching domain for boundary condition.
*** Warning: Found no facets matching domain for boundary condition.
Appying BCs
output Mat-Vec: ../data/Amats/subdom268
Input XML-Mesh: ../data/foo269.xml
*** Warning: Found no facets matching domain for boundary condition.
*** Warning: Found no facets matching domain for boundary condition.
Appying BCs
output Mat-Vec: ../data/Amats/subdom269
Input XML-Mesh: ../data/foo270.xml
*** Warning: Found no facets matching domain for boundary condition.
*** Warning: Found no facets matching domain for boundary condition.
Appying BCs
output Mat-Vec: ../data/Amats/subdom270
Input XML-Mesh: ../data/foo271.xml
*** Warning: Found no facets matching domain for boundary condition.
*** Warning: Found no facets matching domain for boundary condition.
Appying BCs
output Mat-Vec: ../data/Amats/subdom271
Input XML-Mesh: ../data/foo272.xml
*** Warning: Found no facets matching domain for boundary condition.
*** Warning: Found no facets matching domain for boundary condition.
Appying BCs
output Mat-Vec: ../data/Amats/subdom272
Input XML-Mesh: ../data/foo273.xml
*** Warning: Found no facets matching domain for boundary condition.
*** Warning: Found no facets matching domain for boundary condition.
Appying BCs
output Mat-Vec: ../data/Amats/subdom273
Input XML-Mesh: ../data/foo274.xml
*** Warning: Found no facets matching domain for boundary condition.
*** Warning: Found no facets matching domain for boundary condition.
Appying BCs
output Mat-Vec: ../data/Amats/subdom274
Input XML-Mesh: ../data/foo275.xml
*** Warning: Found no facets matching domain for boundary condition.
*** Warning: Found no facets matching domain for boundary condition.
Appying BCs
output Mat-Vec: ../data/Amats/subdom275
Input XML-Mesh: ../data/foo276.xml
*** Warning: Found no facets matching domain for boundary condition.
*** Warning: Found no facets matching domain for boundary condition.
Appying BCs
output Mat-Vec: ../data/Amats/subdom276
Input XML-Mesh: ../data/foo277.xml
*** Warning: Found no facets matching domain for boundary condition.
*** Warning: Found no facets matching domain for boundary condition.
Appying BCs
output Mat-Vec: ../data/Amats/subdom277
Input XML-Mesh: ../data/foo278.xml
*** Warning: Found no facets matching domain for boundary condition.
*** Warning: Found no facets matching domain for boundary condition.
Appying BCs
output Mat-Vec: ../data/Amats/subdom278
Input XML-Mesh: ../data/foo279.xml
*** Warning: Found no facets matching domain for boundary condition.
*** Warning: Found no facets matching domain for boundary condition.
Appying BCs
output Mat-Vec: ../data/Amats/subdom279
Input XML-Mesh: ../data/foo280.xml
*** Warning: Found no facets matching domain for boundary condition.
*** Warning: Found no facets matching domain for boundary condition.
Appying BCs
output Mat-Vec: ../data/Amats/subdom280
Input XML-Mesh: ../data/foo281.xml
*** Warning: Found no facets matching domain for boundary condition.
*** Warning: Found no facets matching domain for boundary condition.
Appying BCs
output Mat-Vec: ../data/Amats/subdom281
Input XML-Mesh: ../data/foo282.xml
*** Warning: Found no facets matching domain for boundary condition.
*** Warning: Found no facets matching domain for boundary condition.
Appying BCs
output Mat-Vec: ../data/Amats/subdom282
Input XML-Mesh: ../data/foo283.xml
*** Warning: Found no facets matching domain for boundary condition.
*** Warning: Found no facets matching domain for boundary condition.
Appying BCs
output Mat-Vec: ../data/Amats/subdom283
Input XML-Mesh: ../data/foo284.xml
*** Warning: Found no facets matching domain for boundary condition.
*** Warning: Found no facets matching domain for boundary condition.
Appying BCs
output Mat-Vec: ../data/Amats/subdom284
Input XML-Mesh: ../data/foo285.xml
*** Warning: Found no facets matching domain for boundary condition.
*** Warning: Found no facets matching domain for boundary condition.
Appying BCs
output Mat-Vec: ../data/Amats/subdom285
Input XML-Mesh: ../data/foo286.xml
*** Warning: Found no facets matching domain for boundary condition.
*** Warning: Found no facets matching domain for boundary condition.
Appying BCs
output Mat-Vec: ../data/Amats/subdom286
Input XML-Mesh: ../data/foo287.xml
*** Warning: Found no facets matching domain for boundary condition.
*** Warning: Found no facets matching domain for boundary condition.
Appying BCs
output Mat-Vec: ../data/Amats/subdom287
Input XML-Mesh: ../data/foo288.xml
*** Warning: Found no facets matching domain for boundary condition.
*** Warning: Found no facets matching domain for boundary condition.
Appying BCs
output Mat-Vec: ../data/Amats/subdom288
Input XML-Mesh: ../data/foo289.xml
*** Warning: Found no facets matching domain for boundary condition.
*** Warning: Found no facets matching domain for boundary condition.
Appying BCs
output Mat-Vec: ../data/Amats/subdom289
Input XML-Mesh: ../data/foo290.xml
*** Warning: Found no facets matching domain for boundary condition.
*** Warning: Found no facets matching domain for boundary condition.
Appying BCs
output Mat-Vec: ../data/Amats/subdom290
Input XML-Mesh: ../data/foo291.xml
*** Warning: Found no facets matching domain for boundary condition.
*** Warning: Found no facets matching domain for boundary condition.
Appying BCs
output Mat-Vec: ../data/Amats/subdom291
Input XML-Mesh: ../data/foo292.xml
*** Warning: Found no facets matching domain for boundary condition.
*** Warning: Found no facets matching domain for boundary condition.
Appying BCs
output Mat-Vec: ../data/Amats/subdom292
Input XML-Mesh: ../data/foo293.xml
*** Warning: Found no facets matching domain for boundary condition.
*** Warning: Found no facets matching domain for boundary condition.
Appying BCs
output Mat-Vec: ../data/Amats/subdom293
Input XML-Mesh: ../data/foo294.xml
*** Warning: Found no facets matching domain for boundary condition.
*** Warning: Found no facets matching domain for boundary condition.
Appying BCs
output Mat-Vec: ../data/Amats/subdom294
Input XML-Mesh: ../data/foo295.xml
*** Warning: Found no facets matching domain for boundary condition.
*** Warning: Found no facets matching domain for boundary condition.
Appying BCs
output Mat-Vec: ../data/Amats/subdom295
Input XML-Mesh: ../data/foo296.xml
*** Warning: Found no facets matching domain for boundary condition.
*** Warning: Found no facets matching domain for boundary condition.
Appying BCs
output Mat-Vec: ../data/Amats/subdom296
Input XML-Mesh: ../data/foo297.xml
*** Warning: Found no facets matching domain for boundary condition.
*** Warning: Found no facets matching domain for boundary condition.
Appying BCs
output Mat-Vec: ../data/Amats/subdom297
Input XML-Mesh: ../data/foo298.xml
*** Warning: Found no facets matching domain for boundary condition.
*** Warning: Found no facets matching domain for boundary condition.
Appying BCs
output Mat-Vec: ../data/Amats/subdom298
Input XML-Mesh: ../data/foo299.xml
*** Warning: Found no facets matching domain for boundary condition.
*** Warning: Found no facets matching domain for boundary condition.
Appying BCs
output Mat-Vec: ../data/Amats/subdom299
Input XML-Mesh: ../data/foo300.xml
*** Warning: Found no facets matching domain for boundary condition.
*** Warning: Found no facets matching domain for boundary condition.
Appying BCs
output Mat-Vec: ../data/Amats/subdom300
Input XML-Mesh: ../data/foo301.xml
*** Warning: Found no facets matching domain for boundary condition.
*** Warning: Found no facets matching domain for boundary condition.
Appying BCs
output Mat-Vec: ../data/Amats/subdom301
Input XML-Mesh: ../data/foo302.xml
*** Warning: Found no facets matching domain for boundary condition.
*** Warning: Found no facets matching domain for boundary condition.
Appying BCs
output Mat-Vec: ../data/Amats/subdom302
Input XML-Mesh: ../data/foo303.xml
*** Warning: Found no facets matching domain for boundary condition.
*** Warning: Found no facets matching domain for boundary condition.
Appying BCs
output Mat-Vec: ../data/Amats/subdom303
Input XML-Mesh: ../data/foo304.xml
*** Warning: Found no facets matching domain for boundary condition.
*** Warning: Found no facets matching domain for boundary condition.
Appying BCs
output Mat-Vec: ../data/Amats/subdom304
Input XML-Mesh: ../data/foo305.xml
*** Warning: Found no facets matching domain for boundary condition.
*** Warning: Found no facets matching domain for boundary condition.
Appying BCs
output Mat-Vec: ../data/Amats/subdom305
Input XML-Mesh: ../data/foo306.xml
*** Warning: Found no facets matching domain for boundary condition.
*** Warning: Found no facets matching domain for boundary condition.
Appying BCs
output Mat-Vec: ../data/Amats/subdom306
Input XML-Mesh: ../data/foo307.xml
*** Warning: Found no facets matching domain for boundary condition.
*** Warning: Found no facets matching domain for boundary condition.
Appying BCs
output Mat-Vec: ../data/Amats/subdom307
Input XML-Mesh: ../data/foo308.xml
*** Warning: Found no facets matching domain for boundary condition.
*** Warning: Found no facets matching domain for boundary condition.
Appying BCs
output Mat-Vec: ../data/Amats/subdom308
Input XML-Mesh: ../data/foo309.xml
*** Warning: Found no facets matching domain for boundary condition.
*** Warning: Found no facets matching domain for boundary condition.
Appying BCs
output Mat-Vec: ../data/Amats/subdom309
Input XML-Mesh: ../data/foo310.xml
*** Warning: Found no facets matching domain for boundary condition.
*** Warning: Found no facets matching domain for boundary condition.
Appying BCs
output Mat-Vec: ../data/Amats/subdom310
Input XML-Mesh: ../data/foo311.xml
*** Warning: Found no facets matching domain for boundary condition.
*** Warning: Found no facets matching domain for boundary condition.
Appying BCs
output Mat-Vec: ../data/Amats/subdom311
Input XML-Mesh: ../data/foo312.xml
*** Warning: Found no facets matching domain for boundary condition.
*** Warning: Found no facets matching domain for boundary condition.
Appying BCs
output Mat-Vec: ../data/Amats/subdom312
Input XML-Mesh: ../data/foo313.xml
*** Warning: Found no facets matching domain for boundary condition.
*** Warning: Found no facets matching domain for boundary condition.
Appying BCs
output Mat-Vec: ../data/Amats/subdom313
Input XML-Mesh: ../data/foo314.xml
*** Warning: Found no facets matching domain for boundary condition.
*** Warning: Found no facets matching domain for boundary condition.
Appying BCs
output Mat-Vec: ../data/Amats/subdom314
Input XML-Mesh: ../data/foo315.xml
*** Warning: Found no facets matching domain for boundary condition.
*** Warning: Found no facets matching domain for boundary condition.
Appying BCs
output Mat-Vec: ../data/Amats/subdom315
Input XML-Mesh: ../data/foo316.xml
*** Warning: Found no facets matching domain for boundary condition.
*** Warning: Found no facets matching domain for boundary condition.
Appying BCs
output Mat-Vec: ../data/Amats/subdom316
Input XML-Mesh: ../data/foo317.xml
*** Warning: Found no facets matching domain for boundary condition.
*** Warning: Found no facets matching domain for boundary condition.
Appying BCs
output Mat-Vec: ../data/Amats/subdom317
Input XML-Mesh: ../data/foo318.xml
*** Warning: Found no facets matching domain for boundary condition.
*** Warning: Found no facets matching domain for boundary condition.
Appying BCs
output Mat-Vec: ../data/Amats/subdom318
Input XML-Mesh: ../data/foo319.xml
*** Warning: Found no facets matching domain for boundary condition.
*** Warning: Found no facets matching domain for boundary condition.
Appying BCs
output Mat-Vec: ../data/Amats/subdom319
Input XML-Mesh: ../data/foo320.xml
*** Warning: Found no facets matching domain for boundary condition.
*** Warning: Found no facets matching domain for boundary condition.
Appying BCs
output Mat-Vec: ../data/Amats/subdom320
==========================Success============================
